<?xml version="1.0" encoding="UTF-8"?>
<testng-results skipped="0" failed="0" total="1" passed="1">
  <reporter-output>
  </reporter-output>
  <suite name="Default suite" duration-ms="23248" started-at="2018-11-08T14:33:47Z" finished-at="2018-11-08T14:34:10Z">
    <groups>
    </groups>
    <test name="Default test" duration-ms="23248" started-at="2018-11-08T14:33:47Z" finished-at="2018-11-08T14:34:10Z">
      <class name="PackageNew.SampleClass">
        <test-method status="PASS" signature="Test1()[pri:0, instance:PackageNew.SampleClass@6a024a67]" name="Test1" duration-ms="23190" started-at="2018-11-08T20:03:47Z" finished-at="2018-11-08T20:04:10Z">
          <reporter-output>
          </reporter-output>
        </test-method> <!-- Test1 -->
      </class> <!-- PackageNew.SampleClass -->
    </test> <!-- Default test -->
  </suite> <!-- Default suite -->
</testng-results>
